<?xml version="1.0" encoding="UTF-8"?>
<!-- Generated by org.testng.reporters.JUnitReportReporter -->
<testsuite hostname="DESKTOP-C157UR7" failures="0" tests="1" name="com.alohaTechnology.test.ScrappedDataTest" time="10.092" errors="0" timestamp="2023-09-29T18:34:44 IST" skipped="0">
  <testcase classname="com.alohaTechnology.test.ScrappedDataTest" name="writeCSVScrappedData" time="10.092"/>
  <system-out/>
</testsuite> <!-- com.alohaTechnology.test.ScrappedDataTest -->
